<testsuite><testcase classname="unknown" name="[Asterisk Test Page] Minified document has same number of elements"></testcase><testcase classname="unknown" name="[Asterisk Test Page] Minified document preserves correct order of elements"></testcase><testcase classname="unknown" name="[Asterisk Test Page] Minified document preserves layout of HTML 0"></testcase><testcase classname="unknown" name="[Asterisk Test Page] Minified document preserves correct order of elements"></testcase><testcase classname="unknown" name="[Asterisk Test Page] Minified document preserves layout of HEAD 1"></testcase><testcase classname="unknown" name="[Asterisk Test Page] Minified document preserves correct order of elements"></testcase><testcase classname="unknown" name="[Asterisk Test Page] Minified document preserves layout of META 2"></testcase><testcase classname="unknown" name="[Asterisk Test Page] Minified document preserves correct order of elements"></testcase><testcase classname="unknown" name="[Asterisk Test Page] Minified document preserves layout of TITLE 3"></testcase><testcase classname="unknown" name="[Asterisk Test Page] Minified document preserves correct order of elements"></testcase><testcase classname="unknown" name="[Asterisk Test Page] Minified document preserves layout of STYLE 4"></testcase><testcase classname="unknown" name="[Asterisk Test Page] Minified document preserves correct order of elements"></testcase><testcase classname="unknown" name="[Asterisk Test Page] Minified document preserves layout of BODY 5"></testcase><testcase classname="unknown" name="[Asterisk Test Page] Minified document preserves correct order of elements"></testcase><testcase classname="unknown" name="[Asterisk Test Page] Minified document preserves layout of P 6"></testcase><testcase classname="unknown" name="[Asterisk Test Page] Minified document preserves correct order of elements"></testcase><testcase classname="unknown" name="[Asterisk Test Page] Minified document preserves layout of A 7"></testcase><testcase classname="unknown" name="[Asterisk Test Page] Minified document preserves correct order of elements"></testcase><testcase classname="unknown" name="[Asterisk Test Page] Minified document preserves layout of A 8"></testcase><testcase classname="unknown" name="[Asterisk Test Page] Minified document preserves correct order of elements"></testcase><testcase classname="unknown" name="[Asterisk Test Page] Minified document preserves layout of P 9"></testcase><testcase classname="unknown" name="[Asterisk Test Page] Minified document preserves correct order of elements"></testcase><testcase classname="unknown" name="[Asterisk Test Page] Minified document preserves layout of EM 10"></testcase><testcase classname="unknown" name="[Asterisk Test Page] Minified document preserves correct order of elements"></testcase><testcase classname="unknown" name="[Asterisk Test Page] Minified document preserves layout of STRONG 11"></testcase><testcase classname="unknown" name="[Asterisk Test Page] Minified document preserves correct order of elements"></testcase><testcase classname="unknown" name="[Asterisk Test Page] Minified document preserves layout of UL 12"></testcase><testcase classname="unknown" name="[Asterisk Test Page] Minified document preserves correct order of elements"></testcase><testcase classname="unknown" name="[Asterisk Test Page] Minified document preserves layout of LI 13"></testcase><testcase classname="unknown" name="[Asterisk Test Page] Minified document preserves correct order of elements"></testcase><testcase classname="unknown" name="[Asterisk Test Page] Minified document preserves layout of A 14"></testcase><testcase classname="unknown" name="[Asterisk Test Page] Minified document preserves correct order of elements"></testcase><testcase classname="unknown" name="[Asterisk Test Page] Minified document preserves layout of LI 15"></testcase><testcase classname="unknown" name="[Asterisk Test Page] Minified document preserves correct order of elements"></testcase><testcase classname="unknown" name="[Asterisk Test Page] Minified document preserves layout of A 16"></testcase><testcase classname="unknown" name="[Asterisk Test Page] Minified document preserves correct order of elements"></testcase><testcase classname="unknown" name="[Asterisk Test Page] Minified document preserves layout of LI 17"></testcase><testcase classname="unknown" name="[Asterisk Test Page] Minified document preserves correct order of elements"></testcase><testcase classname="unknown" name="[Asterisk Test Page] Minified document preserves layout of A 18"></testcase><testcase classname="unknown" name="[Asterisk Test Page] Minified document preserves correct order of elements"></testcase><testcase classname="unknown" name="[Asterisk Test Page] Minified document preserves layout of PRE 19"></testcase><testcase classname="unknown" name="[Asterisk Test Page] Minified document preserves correct order of elements"></testcase><testcase classname="unknown" name="[Asterisk Test Page] Minified document preserves layout of HR 20"></testcase><testcase classname="unknown" name="[Asterisk Test Page] Minified document preserves correct order of elements"></testcase><testcase classname="unknown" name="[Asterisk Test Page] Minified document preserves layout of P 21"></testcase><testcase classname="unknown" name="[Asterisk Test Page] Minified document preserves correct order of elements"></testcase><testcase classname="unknown" name="[Asterisk Test Page] Minified document preserves layout of A 22"></testcase><testcase classname="unknown" name="[Asterisk Test Page] Minified document preserves correct order of elements"></testcase><testcase classname="unknown" name="[Asterisk Test Page] Minified document preserves layout of A 23"></testcase><testcase classname="unknown" name="[Asterisk Test Page] Minified document preserves correct order of elements"></testcase><testcase classname="unknown" name="[Asterisk Test Page] Minified document preserves layout of P 24"></testcase><testcase classname="unknown" name="[Asterisk Test Page] Minified document preserves correct order of elements"></testcase><testcase classname="unknown" name="[Asterisk Test Page] Minified document preserves layout of EM 25"></testcase><testcase classname="unknown" name="[Asterisk Test Page] Minified document preserves correct order of elements"></testcase><testcase classname="unknown" name="[Asterisk Test Page] Minified document preserves layout of STRONG 26"></testcase><testcase classname="unknown" name="[Asterisk Test Page] Minified document preserves correct order of elements"></testcase><testcase classname="unknown" name="[Asterisk Test Page] Minified document preserves layout of UL 27"></testcase><testcase classname="unknown" name="[Asterisk Test Page] Minified document preserves correct order of elements"></testcase><testcase classname="unknown" name="[Asterisk Test Page] Minified document preserves layout of LI 28"></testcase><testcase classname="unknown" name="[Asterisk Test Page] Minified document preserves correct order of elements"></testcase><testcase classname="unknown" name="[Asterisk Test Page] Minified document preserves layout of A 29"></testcase><testcase classname="unknown" name="[Asterisk Test Page] Minified document preserves correct order of elements"></testcase><testcase classname="unknown" name="[Asterisk Test Page] Minified document preserves layout of LI 30"></testcase><testcase classname="unknown" name="[Asterisk Test Page] Minified document preserves correct order of elements"></testcase><testcase classname="unknown" name="[Asterisk Test Page] Minified document preserves layout of A 31"></testcase><testcase classname="unknown" name="[Asterisk Test Page] Minified document preserves correct order of elements"></testcase><testcase classname="unknown" name="[Asterisk Test Page] Minified document preserves layout of LI 32"></testcase><testcase classname="unknown" name="[Asterisk Test Page] Minified document preserves correct order of elements"></testcase><testcase classname="unknown" name="[Asterisk Test Page] Minified document preserves layout of A 33"></testcase></testsuite>