<testsuite><testcase classname="unknown" name="Minifier did not add or remove elements"></testcase><testcase classname="unknown" name="Layout of HTML at 0 has not changed"></testcase><testcase classname="unknown" name="Layout of HEAD at 1 has not changed"></testcase><testcase classname="unknown" name="Layout of META at 2 has not changed"></testcase><testcase classname="unknown" name="Layout of TITLE at 3 has not changed"></testcase><testcase classname="unknown" name="Layout of STYLE at 4 has not changed"></testcase><testcase classname="unknown" name="Layout of BODY at 5 has not changed"></testcase><testcase classname="unknown" name="Layout of P at 6 has not changed"></testcase><testcase classname="unknown" name="Layout of A at 7 has not changed"></testcase><testcase classname="unknown" name="Layout of A at 8 has not changed"></testcase><testcase classname="unknown" name="Layout of P at 9 has not changed"></testcase><testcase classname="unknown" name="Layout of EM at 10 has not changed"></testcase><testcase classname="unknown" name="Layout of STRONG at 11 has not changed"></testcase><testcase classname="unknown" name="Layout of UL at 12 has not changed"></testcase><testcase classname="unknown" name="Layout of LI at 13 has not changed"></testcase><testcase classname="unknown" name="Layout of A at 14 has not changed"></testcase><testcase classname="unknown" name="Layout of LI at 15 has not changed"></testcase><testcase classname="unknown" name="Layout of A at 16 has not changed"></testcase><testcase classname="unknown" name="Layout of LI at 17 has not changed"></testcase><testcase classname="unknown" name="Layout of A at 18 has not changed"></testcase><testcase classname="unknown" name="Layout of PRE at 19 has not changed"></testcase><testcase classname="unknown" name="Layout of HR at 20 has not changed"></testcase><testcase classname="unknown" name="Layout of P at 21 has not changed"></testcase><testcase classname="unknown" name="Layout of A at 22 has not changed"></testcase><testcase classname="unknown" name="Layout of A at 23 has not changed"></testcase><testcase classname="unknown" name="Layout of P at 24 has not changed"></testcase><testcase classname="unknown" name="Layout of EM at 25 has not changed"></testcase><testcase classname="unknown" name="Layout of STRONG at 26 has not changed"></testcase><testcase classname="unknown" name="Layout of UL at 27 has not changed"></testcase><testcase classname="unknown" name="Layout of LI at 28 has not changed"></testcase><testcase classname="unknown" name="Layout of A at 29 has not changed"></testcase><testcase classname="unknown" name="Layout of LI at 30 has not changed"></testcase><testcase classname="unknown" name="Layout of A at 31 has not changed"></testcase><testcase classname="unknown" name="Layout of LI at 32 has not changed"></testcase><testcase classname="unknown" name="Layout of A at 33 has not changed"></testcase></testsuite>